[debug] [2018-07-14T15:33:01.043Z] ----------------------------------------------------------------------
[debug] [2018-07-14T15:33:01.043Z] Command:       C:\Program Files\nodejs\node.exe C:\Users\Batimus\AppData\Roaming\npm\node_modules\firebase-tools\bin\firebase deploy
[debug] [2018-07-14T15:33:01.043Z] CLI Version:   3.19.3
[debug] [2018-07-14T15:33:01.043Z] Platform:      win32
[debug] [2018-07-14T15:33:01.043Z] Node Version:  v8.11.3
[debug] [2018-07-14T15:33:01.043Z] Time:          Sat Jul 14 2018 08:33:01 GMT-0700 (Pacific Daylight Time)
[debug] [2018-07-14T15:33:01.043Z] ----------------------------------------------------------------------
[debug] 
[debug] [2018-07-14T15:33:01.043Z] > command requires scopes: ["email","openid","https://www.googleapis.com/auth/cloudplatformprojects.readonly","https://www.googleapis.com/auth/firebase","https://www.googleapis.com/auth/cloud-platform"]
[debug] [2018-07-14T15:33:01.043Z] > authorizing via signed-in user
[debug] [2018-07-14T15:33:01.043Z] >>> HTTP REQUEST GET https://admin.firebase.com/v1/projects/fenwayscore  
  
 Sat Jul 14 2018 08:33:01 GMT-0700 (Pacific Daylight Time)
[debug] [2018-07-14T15:33:01.539Z] <<< HTTP RESPONSE 200
[debug] [2018-07-14T15:33:01.539Z] >>> HTTP REQUEST GET https://admin.firebase.com/v1/database/fenwayscore/tokens  
  
 Sat Jul 14 2018 08:33:01 GMT-0700 (Pacific Daylight Time)
[debug] [2018-07-14T15:33:01.976Z] <<< HTTP RESPONSE 200
[info] 
[info] === Deploying to 'fenwayscore'...
[info] 
[info] i  deploying hosting
[info] i  hosting: preparing / directory for upload...
[debug] [2018-07-14T15:33:02.461Z] >>> HTTP REQUEST PUT https://deploy.firebase.com/v1/hosting/fenwayscore/uploads/-LHOQ6__cLai0RLBvD3f?fileCount=5&message=  
  
 Sat Jul 14 2018 08:33:02 GMT-0700 (Pacific Daylight Time)
